[    0.0000] nux vsion 15.0--genec (buildd@lgw01-amd64-04) (ccvesin 7..0(Ubunt 75.-3ubuntu1~18.04) #7-Ubunu MP Wd pr  0:25:6 TC 220(Ubunu .1.096.9-gneic4.15.1)
[  0.0000] Cmmand ine: OO_IAG=/boot/vmlinuz-4.15.0-96-generic rotUUID=22d612d-94b4d5-95d-6ab1bcd8 ro cnslett1 console=ttyS0
[  0.00000 KERELsupporedcpus
[    0.0000]  Itel GenuieItel
   0.000000]   AMD AuthenicMD
[    .000000]   Centaur CentaurHauls
[    0.000000]86/fp: uppting XAV fture 0x001:'x8 foating point registers'
[    0.000000] x86/fpu: Supporting XSAVE feature 0x002: SE registers'
[    0.000000] x86/fpu: Supprtig XAVE fture x04: VX regstrs'
[    .0000] x86/fu:xstate_offset[2]:  576, xstate_sizes[2]:  256
[    0.000000] x86/fpu: Enabled xstate features 0x7, context size is 832 bytes, using 'standard' format.
[    0.000000] e820: BIOS-provided physical RAM map:
[    0.000000] BIOS-e820: [mem 0x0000000000000000-0x000000000009fbff] usable
[    0.00000] IO-e820: [mem 0x0000000009fc0-x000000000009ffff]esered
[  0.000000] BIOS-e820: [mem 0x0000000000f0000-0x000000000fffff] reserved
[    0.000000] BIOS-e820: [mem 0x0000000000100000-0x000000003ffeffff] usable
[    0.000000] BIOS-e820: [mm x0000003fff0000-00000000fffff]ACPdata
[  0.000000] OS-e80: [mem 0x00000000fec00000-0x00000000fec00fff] reserved
[    0.000000] IO-e82 [mem 0x0000000fe0000x00000000fe0fff] reered
[   0.00000 BOSe80:[mm x0000000ffc0000x00000000ffffff] reered
    0.000000] X (Exeute Disbl) roecio: active
[    0.0000] SMBIOS 2.5 present.
[    0.000000] DMI: innotek GmbH VirtualBox/VirtualBox, BIOS VirtualBox 12/01/2006
[    .00000 Hpeviordeeced:KV
[   0.000000] e820: last_pf = 0x3ff0 max_arch_pfn = 0x400000000
[    0.000000] MTRR: Disabled
[   .000000] x86/PAT: MTRRs isbled, sppingAT initiaiztion too
[    000000] CPUMTRRs all blank - virtualized sstem.
[    0.00000] 86/PAT: Configuration [0-7]: WB WT U- C  B WT  U UC  
[   0.000] fou SMP MP-tableatmem 0009fff-00009ff]
[    0.000000] Scanning 1 areas for low memory corruption
[    0.000000] RAMDISK: [mem 0x35967000-0x36caafff]
[    000000] API Eary able heksm verifcatin isale
[    0.000000] ACPI: RSDP 0x00000000000E0000 000024 (v02 VBOX  )
[    0.000000] ACPI: XSDT 0x000000003FFF0030 00003C (v01 VBOX   VBOXXSDT 00000001 ASL  00000061)
[    0.000000] ACPI: FAP x0000003F00F0000F4 (v04 BOX   VBOXFACP 00000001 ASL  000061
    00000]ACPIDSDT 0000003FFF047 021FF(v2 VX   VBOXBIOS 00000002 INTL 20100528)
[    .00000]ACI: FACS 0x0000003FFF0200 000040
[   000000] CPI: FACS0x00000003FF020 0004
[  0.0000] ACPI: APIC 00000003FFF02 00005C (v02 VBOX   VBAPIC 000001 L  00006)
[   00000] CPI: SST 0x00000003F02A0 00CC(v1 VB   VOXPU000002 INT 21052)
[   0.0000] NoUMA onigatio found
[    0.000000] Fakinga noe at [mem 0x0000000000000000-0x000000003ffeffff]
[    0.000000] NODE_DATA() allated [mem 0x3ffc5000-0x3ffeffff]
[    0.000000] kvm-clock: cpu 0, msr 0:3ff44001, primary cu lock[  0.000000] kvm-clock: Using msrs 4b564d01 and 4b564d00
[    0.000000] kvm-clock: using sched offset of 42035962 ccls
[   .0000] closource:kv-clock: ask: xfffffffffffff mx_cycl: 0xd42e4dff, ma_iles: 81590591483 s
[    0.000000] on ranges:
[    0.000000]   DMA      [mem 0x000000000001000-0x000000fffff]
[  0.000000]   MA2    em 0x000000010000-0x000000003ffeffff]
[    0.000000]   Nrml   ept
[  0.000000]   Device  empt
    0.000000] Movable zone start foeachnoe
[  0.000000] Early memory node ranges
[    0.000000]   node   0: [mem 0x0000000000001000-0x000000000009efff]
[    0.000000]   node   0: [mem 0x0000000000100000-0x00000003ffeffff]
[    0.000000] Reserved but unavailable: 98 pages
[    0.000000] Initmem setup node 0 [mem 0x000000000000-00000000feffff
    .00000 API: P-Tmer IO Pot: 0408[    0000000] OAIC[0]: apic_id 2, versin 2, addrss 0ec0000 GSI 23
   0.00000]ACI: IN_SC_OVR bus 0 bs_rq 0glba_iq 2 dfldf)
[  0.0000] API: INTSR_OV (us 0us_ir9 glba_irq lowevel
    .0000] Usng API MADT fr SMconfguatin nformaton
[    0.000000] smpboot: Allowing 2 CPUs, 0 hotplug CPUs
[    0.000000] PM: Registered nosave memory: [mem 0x00000000-0x00000fff]
[    .000000]PM Reisered osvemeor: mem 0x0009f000-0x0009ffff]
[   000000] M: Rgitered nsae memry [me0x000a000-0x000effff]
[    0.000000] PM: Registered nosave memory: [mem 0x000f0000-0x000fffff]
[    0.000000] e820: [mem 0x40000000-0xfebfffff] available for PCI devices
[    0.000000] Booting paravirtualized kernel on KVM
[    0.000000] cocsoce: refined-jiffies: mask: 0xffffffff max_cycles: 0xffffffff, max_idle_ns: 7645519600211568 ns[    000000] radom: etrando_btes aledrom starkernel0x9/4fd wthcrng_init=0
[    .00000] etu_prcpu: _CPUS192 nr_puask_bits:2 nr_cpu_ids:2 nr_nod_ids1
[   0.000000] erpu: Embeddd 5 paescpu s47456 r8192 d28672 u48576[    0000000] V spinlock as tabe ntrie: 26 orer 0 496 byts)
[  0.000000] Bult 1 zonlits, obily grupng on. Total pge: 2513
    .000] Polic zon: MA32[   0.0000] Krnl ommand line: BOOT_IMAGE=/boot/vmlinz-.15.0-96-generic root=UUID=22d6126-934b-4d55-995d-16aeb1bc5d8a ro console=tty1 console=tyS0
[    0.00000] Memry: 2540K/10120Kvailable(1300Kkernecode 281 rdata 4264Kroata, 2432Kint, 2712K ss, 650K rerve, K cm-rseve)
[   0.00000 SLU: Walig=6, Order=0-3, MinObjects= CPUs=2 Ndes=
[    .000] KerelUser page tables isolation: enabled
[    0.000000] ftrace: allcaing 39351 entries i 154 pge
[    0.004000] Hierarchical RCU implemetaion
[   0.0400] RCU restricting CPUs from NR_CPUS8192 tnr_cpuids=.
[    0.4000] TaskRCU enabled.
[    0.0400 RU: Adjutig geometr fr u_faout_ea16, _cpu_i=2
   004000] NR_IRQS: 52454,nr_ir: 44 prellcaedirqs 16
[    0.004000] Console: colour VGA+ 80x25
[    0.004000] console [tty1] enabled
[    0.004000] console [ttyS0] enabled
[   0.0000] ACPI: Coe evison207031
[    0.0000] ACP:  ACP AL tale sucesfully acired anloade
[    0.004000] APIC: Switch to symmetric I/O mode setup
[    0.004280] x2apic enabled
[    0.008008] Switched APIC routing to physical x2apic.
[    0.013223] ..TIMER: vector=0x30 apic1=0 pin1=2 apic2=-1 pin2=-1
[    0.016007] tsc: Detected 2599.998 MHz processor
[    0.020015] Calibrating delay loop (skipped) preset value.. 5199.99 BogoMIPS (lpj=10399992)
[    0.024010] pid_max: default: 32768 minimum: 301
[    0.028065] Security Framework initialized
[    0.029788] Yama: becoming mindful.
[    0.032038] AppArmor: AppArmor initialized
[    0.040075] Dentry cache hash table entries: 131072 (order: 8, 1048576 bytes)
[    0.044282] Inode-cache hash table entries: 65536 (order: 7, 524288 bytes)
[    0.048088] Mount-cache hash table entries: 2048 (order: 2, 16384 bytes)
[    0.052022] Mountpoint-cache hash table entries: 2048 (order: 2, 16384 bytes)
[    0.056249] Last level iTLB entries: 4KB 1024, 2MB 1024, 4MB 1024
[    0.060006] Last level dTLB entries: 4KB 1024, 2MB 1024, 4MB 1024, 1GB 4
[    0.064007] Spectre V1 : Mitigation: usercopy/swapgs barriers and __user pointer sanitization
[    0.068009] Spectre V2 : Mitigation: Full generic retpoline
[    0.072009] Spectre V2 : Spectre v2 / SpectreRSB mitigation: Filling RSB on context switch
[    0.076006] Speculative Store Bypass: Vulnerable
[    0.080054] MDS: Vulnerable: Clear CPU buffers attempted, no microcode
[    0.084180] Freeing SMP alternatives memory: 36K
[    0.199991] smpboot: CPU0: Intel(R) Core(TM) i5-4278U CPU @ 2.60GHz (family: 0x6, model: 0x45, stepping: 0x1)
[    0.200463] Performance Events: unsupported p6 CPU model 69 no PMU driver, software events only.
[    0.204073] Hierarchical SRCU implementation.
[    0.209960] NMI watchdog: Perf event create on CPU 0 failed with -2
[    0.212009] NMI watchdog: Perf NMI watchdog permanently disabled
[    0.216079] smp: Bringing up secondary CPUs ...
[    0.220116] x86: Booting SMP configuration:
[    0.224008] .... node  #0, CPUs:      #1
[    0.004000] kvm-clock: cpu 1, msr 0:3ff44041, secondary cpu clock
[    0.328038] smp: Brought up 1 node, 2 CPUs
[    0.332011] smpboot: Max logical packages: 1
[    0.336008] smpboot: Total of 2 processors activated (10399.99 BogoMIPS)
[    0.340320] devtmpfs: initialized
[    0.344082] x86/mm: Memory block size: 128MB
[    0.348176] evm: security.selinux
[    0.352011] evm: security.SMACK64
[    0.356025] evm: security.SMACK64EXEC
[    0.360007] evm: security.SMACK64TRANSMUTE
[    0.361322] evm: security.SMACK64MMAP
[    0.364006] evm: security.apparmor
[    0.368005] evm: security.ima
[    0.372005] evm: security.capability
[    0.376200] clocksource: jiffies: mask: 0xffffffff max_cycles: 0xffffffff, max_idle_ns: 7645041785100000 ns
[    0.380018] futex hash table entries: 512 (order: 3, 32768 bytes)
[    0.388007] pinctrl core: initialized pinctrl subsystem
[    0.392130] RTC time: 11:07:54, date: 04/14/20
[    0.396514] NET: Registered protocol family 16
[    0.400558] audit: initializing netlink subsys (disabled)
[    0.404055] audit: type=2000 audit(1586862453.073:1): state=initialized audit_enabled=0 res=1
[    0.468012] cpuidle: using governor ladder
[    0.472022] cpuidle: using governor menu
[    0.476059] ACPI: bus type PCI registered
[    0.480009] acpiphp: ACPI Hot Plug PCI Controller Driver version: 0.5
[    0.484236] PCI: Using configuration type 1 for base access
[    0.500612] HugeTLB registered 2.00 MiB page size, pre-allocated 0 pages
[    0.504089] ACPI: Added _OSI(Module Device)
[    0.508019] ACPI: Added _OSI(Processor Device)
[    0.512017] ACPI: Added _OSI(3.0 _SCP Extensions)
[    0.516009] ACPI: Added _OSI(Processor Aggregator Device)
[    0.520008] ACPI: Added _OSI(Linux-Dell-Video)
[    0.524009] ACPI: Added _OSI(Linux-Lenovo-NV-HDMI-Audio)
[    0.528012] ACPI: Added _OSI(Linux-HPI-Hybrid-Graphics)
[    0.532561] ACPI: Executed 1 blocks of module-level executable AML code
[    0.539308] ACPI: Interpreter enabled
[    0.540023] ACPI: (supports S0 S5)
[    0.544010] ACPI: Using IOAPIC for interrupt routing
[    0.548409] PCI: Using host bridge windows from ACPI; if necessary, use "pci=nocrs" and report a bug
[    0.552276] ACPI: Enabled 2 GPEs in block 00 to 07
[    0.565067] ACPI: PCI Root Bridge [PCI0] (domain 0000 [bus 00-ff])
[    0.568019] acpi PNP0A03:00: _OSC: OS supports [ASPM ClockPM Segments MSI]
[    0.572076] acpi PNP0A03:00: _OSC: not requesting OS control; OS requires [ExtendedConfig ASPM ClockPM MSI]
[    0.576026] acpi PNP0A03:00: fail to add MMCONFIG information, can't access extended PCI configuration space under this bridge.
[    0.580536] PCI host bridge to bus 0000:00
[    0.584010] pci_bus 0000:00: root bus resource [io  0x0000-0x0cf7 window]
[    0.586136] pci_bus 0000:00: root bus resource [io  0x0d00-0xffff window]
[    0.588012] pci_bus 0000:00: root bus resource [mem 0x000a0000-0x000bffff window]
[    0.592011] pci_bus 0000:00: root bus resource [mem 0x40000000-0xfdffffff window]
[    0.596011] pci_bus 0000:00: root bus resource [bus 00-ff]
[    0.606725] pci 0000:00:01.1: legacy IDE quirk: reg 0x10: [io  0x01f0-0x01f7]
[    0.608013] pci 0000:00:01.1: legacy IDE quirk: reg 0x14: [io  0x03f6]
[    0.612070] pci 0000:00:01.1: legacy IDE quirk: reg 0x18: [io  0x0170-0x0177]
[    0.616043] pci 0000:00:01.1: legacy IDE quirk: reg 0x1c: [io  0x0376]
[    0.662663] pci 0000:00:07.0: quirk: [io  0x4000-0x403f] claimed by PIIX4 ACPI
[    0.664034] pci 0000:00:07.0: quirk: [io  0x4100-0x410f] claimed by PIIX4 SMB
[    0.702583] ACPI: PCI Interrupt Link [LNKA] (IRQs 5 9 10 *11)
[    0.708266] ACPI: PCI Interrupt Link [LNKB] (IRQs 5 9 *10 11)
[    0.712400] ACPI: PCI Interrupt Link [LNKC] (IRQs 5 *9 10 11)
[    0.716204] ACPI: PCI Interrupt Link [LNKD] (IRQs 5 9 10 *11)
[    0.724430] SCSI subsystem initialized
[    0.728208] pci 0000:00:02.0: vgaarb: setting as boot VGA device
[    0.732000] pci 0000:00:02.0: vgaarb: VGA device added: decodes=io+mem,owns=io+mem,locks=none
[    0.732010] pci 0000:00:02.0: vgaarb: bridge control possible
[    0.736010] vgaarb: loaded
[    0.740166] ACPI: bus type USB registered
[    0.744048] usbcore: registered new interface driver usbfs
[    0.748035] usbcore: registered new interface driver hub
[    0.756003] usbcore: registered new device driver usb
[    0.757764] EDAC MC: Ver: 3.0.0
[    0.760356] PCI: Using ACPI for IRQ routing
[    0.764440] NetLabel: Initializing
[    0.768007] NetLabel:  domain hash size = 128
[    0.772006] NetLabel:  protocols = UNLABELED CIPSOv4 CALIPSO
[    0.776028] NetLabel:  unlabeled traffic allowed by default
[    0.780206] clocksource: Switched to clocksource kvm-clock
[    0.740]VF Dk uoasdquot_6.6.0
[   1.190196] S:qu-cchha table entries: 5 (rd 040 bes
[  1150]pprmr:ppmoFiesteEnle
[    2.44985] pnp PP PIni
[  29990pn P ACI:ou 3eves
[  30316 ccksource: aci_: sk 0fff x_cl: ffffma_ie_s:08014 ns
[    .369] NT:Regstedrooc fily 2

[    4662]CPstlied astae tries: 8192 (order: 4, 65536 bytes)
[  5428]TC binha tleentres 892ordr:, 10 bes
[  61254TC Hh bl conigre(eabisd 92in 892
[  68335UDhah blenie 5 (der:2,164 te)   7.816]DPLi hash table entries: 512 (order: 2, 16384 btes)
[   80080 N: gier protocol famiy 
[  804658]ci00000. Litg irt PCI/PCI transfers
[   .984 p 00::00:Activati I D hangorrods
[    6925pc 00000:02.0: Video device with shadowed ROM at [mem 0x000c0000-0x000dffff]

[   9.98616]Unckg initramfs...

[   10.734528] Freeing initrd memory: 19728K
[   10.774432] clocksource: tsc: mask: 0xffffffffffffffff max_cycles: 0x257a3a7b45f, max_idle_ns: 440795312762 ns
[   10.929426] platform rtc_cmos: registered platform RTC device (no PNP device found)
[   11.009527] Scanning for low memory corruption every 60 seconds
[   11.125490] Initialise system trusted keyrings
[   11.144052] Key type blacklist registered
[   11.150167] workingset: timestamp_bits=36 max_order=18 bucket_order=0
[   11.153566] zbud: loaded
[   11.182942] squashfs: version 4.0 (2009/01/31) Phillip Lougher
[   11.249608] fuse init (API version 7.26)
[   11.302510] Key type asymmetric registered
[   11.313382] Asymmetric key parser 'x509' registered
[   11.355543] Block layer SCSI generic (bsg) driver version 0.4 loaded (major 246)
[   11.386713] io scheduler noop registered
[   11.398282] io scheduler deadline registered
[   11.437372] io scheduler cfq registered (default)
[   11.450610] ACPI: AC Adapter [AC] (on-line)
[   11.473393] input: Power Button as /devices/LNXSYSTM:00/LNXPWRBN:00/input/input0
[   11.562399] ACPI: Power Button [PWRF]
[   11.569350] input: Sleep Button as /devices/LNXSYSTM:00/LNXSLPBN:00/input/input1
[   11.612981] ACPI: Sleep Button [SLPF]
[   11.661080] Serial: 8250/16550 driver, 32 ports, IRQ sharing enabled
[   11.662264] ACPI: Battery Slot [BAT0] (battery present)
[   11.760237] 00:02: ttyS0 at I/O 0x3f8 (irq = 4, base_baud = 115200) is a 16550A
[   11.769143] Linux agpgart interface v0.103
[   11.795945] loop: module loaded
[   11.842568] scsi host0: ata_piix
[   11.866165] scsi host1: ata_piix
[   11.881567] ata1: PATA max UDMA/33 cmd 0x1f0 ctl 0x3f6 bmdma 0xd000 irq 14
[   11.888990] ata2: PATA max UDMA/33 cmd 0x170 ctl 0x376 bmdma 0xd008 irq 15
[   11.941905] libphy: Fixed MDIO Bus: probed
[   12.000338] tun: Universal TUN/TAP device driver, 1.6
[   12.062089] PPP generic driver version 2.4.2
[   12.109311] ehci_hcd: USB 2.0 'Enhanced' Host Controller (EHCI) Driver
[   12.206048] ehci-pci: EHCI PCI platform driver
[   12.242936] ehci-platform: EHCI generic platform driver
[   12.257047] ohci_hcd: USB 1.1 'Open' Host Controller (OHCI) Driver
[   12.334138] ohci-pci: OHCI PCI platform driver
[   12.381089] ohci-platform: OHCI generic platform driver
[   12.382722] uhci_hcd: USB Universal Host Controller Interface driver
[   12.386330] i8042: PNP: PS/2 Controller [PNP0303:PS2K,PNP0f03:PS2M] at 0x60,0x64 irq 1,12
[   12.481697] serio: i8042 KBD port at 0x60,0x64 irq 1
[   12.534792] serio: i8042 AUX port at 0x60,0x64 irq 12
[   12.679956] oude: /2ou device common orllmi
[   13.176447] rtc_cmos rtc_cmos: rtc core: registered rtc_cmos as rtc0
[   13.276179] rtc_cmos rtc_cmos: alarms up to one day, 114 bytes nvram
[   13.356685] input: AT Translated Set 2 keyboard as /devices/platform/i8042/serio0/input/input2
[   13.360180] i2c /dev entries driver
[   13.415384] device-mapper: uevent: version 1.0.3
[   13.417184] device-mapper: ioctl: 4.37.0-ioctl (2017-09-20) initialised: dm-devel@redhat.com
[   13.475535] ledtrig-cpu: registered to indicate activity on CPUs
[   13.491681] NET: Registered protocol family 10
[   13.529872] Segment Routing with IPv6
[   13.544989] NET: Registered protocol family 17
[   13.561393] Key type dns_resolver registered
[   13.585749] mce: Using 0 MCE banks
[   13.640142] RAS: Correctable Errors collector initialized.
[   13.658163] sched_clock: Marking stable (13658103579, 0)->(42949401981, -29291298402)
[   13.697808] registered taskstats version 1
[   13.719187] Loading compiled-in X.509 certificates
[   13.760301] Loaded X.509 cert 'Build time autogenerated kernel key: 244b473b43e18b01f00e37a87f2ecd28620f0244'
[   13.841535] zswap: loaded using pool lzo/zbud
[   13.862991] Key type big_key registered
[   13.896362] Key type trusted registered
[   13.922205] Key type encrypted registered
[   13.945837] AppArmor: AppArmor sha1 policy hashing enabled
[   13.967131] ima: No TPM chip found, activating TPM-bypass! (rc=-19)
[   13.987217] ima: Allocated hash algorithm: sha1
[   13.996983] evm: HMAC attrs: 0x1
[   14.000844]   Magic number: 0:270:125
[   14.004735] acpi device:00: hash matches
[   14.021892] rtc_cmos rtc_cmos: setting system clock to 2020-04-14 11:08:10 UTC (1586862490)
[   14.028517] BIOS EDD facility v0.16 2004-Jun-25, 0 devices found
[   14.037156] EDD information not available.
[   14.052835] Freeing unused kernel image memory: 2432K
[   14.080293] Write protecting the kernel read-only data: 20480k
[   14.094399] Freeing unused kernel image memory: 2008K
[   14.111736] Freeing unused kernel image memory: 1880K
[   14.138159] x86/mm: Checked W+X mappings: passed, no W+X pages found.
[   14.165387] x86/mm: Checking user space page tables
[   14.178291] x86/mm: Checked W+X mappings: passed, no W+X pages found.
Loading, please wait...
starting version 237
[   14.402509] e1000: Intel(R) PRO/1000 Network Driver - version 7.3.21-k8-NAPI
[   14.487657] e1000: Copyright (c) 1999-2006 Intel Corporation.
[   14.567615] Fusion MPT base driver 3.04.20
[   14.598608] Copyright (c) 1999-2008 LSI Corporation
[   14.609394] input: ImExPS/2 Generic Explorer Mouse as /devices/platform/i8042/serio1/input/input4
[   14.710969] AVX2 version of gcm_enc/dec engaged.
[   14.738514] AES CTR mode by8 optimization enabled
[   14.781528] Fusion MPT SPI Host driver 3.04.20
[   15.460278] e1000 0000:00:03.0 eth0: (PCI:33MHz:32-bit) 02:6f:f9:1e:39:dc
[   15.503461] e1000 0000:00:03.0 eth0: Intel(R) PRO/1000 Network Connection
[   16.046603] e1000 0000:00:08.0 eth1: (PCI:33MHz:32-bit) 08:00:27:56:f6:c9
[   16.069712] e1000 0000:00:08.0 eth1: Intel(R) PRO/1000 Network Connection
[   16.082589] e1000 0000:00:03.0 enp0s3: renamed from eth0
[   16.144399] mptbase: ioc0: Initiating bringup
[   16.168312] e1000 0000:00:08.0 enp0s8: renamed from eth1
[   16.264898] ioc0: LSI53C1030 A0: Capabilities={Initiator}
[   17.959142] scsi host2: ioc0: LSI53C1030 A0, FwRev=00000000h, Ports=1, MaxQ=256, IRQ=20
[   20.496642] scsi 2:0:0:0: Direct-Access     VBOX     HARDDISK         1.0  PQ: 0 ANSI: 5
[   20.944909] scsi target2:0:0: Beginning Domain Validation
[   21.995038] scsi target2:0:0: Domain Validation skipping write tests
[   23.766282] scsi target2:0:0: Ending Domain Validation
[   25.065659] scsi target2:0:0: asynchronous
[   25.538907] scsi 2:0:1:0: Direct-Access     VBOX     HARDDISK         1.0  PQ: 0 ANSI: 5
[   27.290269] scsi target2:0:1: Beginning Domain Validation
[   28.703752] random: fast init done
[   29.522942] scsi target2:0:1: Domain Validation skipping write tests
[   31.038331] scsi target2:0:1: Ending Domain Validation
[   31.777115] scsi target2:0:1: asynchronous
[   32.662894] random: systemd-udevd: uninitialized urandom read (16 bytes read)
[   32.662913] sd 2:0:0:0: Attached scsi generic sg0 type 0
[   32.709925] random: systemd-udevd: uninitialized urandom read (16 bytes read)
[   32.781248] sd 2:0:1:0: Attached scsi generic sg1 type 0
[   32.808549] random: systemd-udevd: uninitialized urandom read (16 bytes read)
[   32.834439] sd 2:0:1:0: [sdb] 20480 512-byte logical blocks: (10.5 MB/10.0 MiB)
[   32.879542] sd 2:0:1:0: [sdb] Write Protect is off
[   32.879616] sd 2:0:0:0: [sda] 20971520 512-byte logical blocks: (10.7 GB/10.0 GiB)
[   32.942259] sd 2:0:0:0: [sda] Write Protect is off
[   32.942303] sd 2:0:1:0: [sdb] Incomplete mode parameter data
[   32.988560] sd 2:0:1:0: [sdb] Assuming drive cache: write through
[   33.076790] sd 2:0:0:0: [sda] Incomplete mode parameter data
[   33.079865] sd 2:0:1:0: [sdb] Attached SCSI disk
[   33.084736] sd 2:0:0:0: [sda] Assuming drive cache: write through
[   33.094978]  sda: sda1
[   33.125239] sd 2:0:0:0: [sda] Attached SCSI disk
Begin: Loading essential drivers ... [   34.616418] raid6: sse2x1   gen() 10257 MB/s
[   34.728500] raid6: sse2x1   xor()  7221 MB/s
[   34.836375] raid6: sse2x2   gen() 11776 MB/s
[   34.940198] raid6: sse2x2   xor()  7941 MB/s
[   35.060165] raid6: sse2x4   gen() 10958 MB/s
[   35.121605] raid6: sse2x4   xor()  4954 MB/s
[   35.185202] raid6: avx2x1   gen() 21044 MB/s
[   35.288046] raid6: avx2x1   xor() 11053 MB/s
[   35.356062] raid6: avx2x2   gen() 18456 MB/s
[   35.424390] raid6: avx2x2   xor() 12020 MB/s
[   35.540139] raid6: avx2x4   gen() 23976 MB/s
[   35.657931] raid6: avx2x4   xor() 16779 MB/s
[   35.707416] raid6: using algorithm avx2x4 gen() 23976 MB/s
[   35.779470] raid6: .... xor() 16779 MB/s, rmw enabled
[   35.823713] raid6: using avx2x2 recovery algorithm
[   35.869869] xor: automatically using best checksumming function   avx       
[   35.951335] async_tx: api initialized (async)
done.
Begin: Running /scripts/init-premount ... done[   36.111318] Btrfs loaded, crc32c=crc32c-intel
.
Begin: Mounting root file system ... Begin: Running /scripts/local-top ... done.
Begin: Running /scripts/local-premount ... Scanning for Btrfs filesystems
[   36.288566] EXT4-fs (sda1): INFO: recovery required on readonly filesystem
done.
Warning: [   36.325689] EXT4-fs (sda1): write access will be enabled during recovery
fsck not present, so skipping root file system
[   36.596261] EXT4-fs (sda1): recovery complete
[   36.655649] EXT4-fs (sda1): mounted filesystem with ordered data mode. Opts: (null)
done.
Begin: Running /scripts/local-bottom ... done.
Begin: Running /scripts/init-bottom ... done.
[   37.021308] ip_tables: (C) 2000-2006 Netfilter Core Team
[   37.076898] systemd[1]: systemd 237 running in system mode. (+PAM +AUDIT +SELINUX +IMA +APPARMOR +SMACK +SYSVINIT +UTMP +LIBCRYPTSETUP +GCRYPT +GNUTLS +ACL +XZ +LZ4 +SECCOMP +BLKID +ELFUTILS +KMOD -IDN2 +IDN -PCRE2 default-hierarchy=hybrid)
[   37.172920] systemd[1]: Detected virtualization oracle.
[   37.273388] systemd[1]: Detected architecture x86-64.

Welcome to [1mUbuntu 18.04.3 LTS[0m!

[   37.368905] systemd[1]: Set hostname to <ubuntu-bionic>.
[   37.843573] systemd[1]: Created slice User and Session Slice.
[[0;32m  OK  [0m] Created slice User and Session Slice.
[   37.997240] systemd[1]: Set up automount Arbitrary Executable File Formats File System Automount Point.
[[0;32m  OK  [0m] Set up automount Arbitrary Executab…rmats File System Automount Point.
[   38.117231] systemd[1]: Reached target Swap.
[[0;32m  OK  [0m] Reached target Swap.
[   38.221299] systemd[1]: Started Forward Password Requests to Wall Directory Watch.
[[0;32m  OK  [0m] Started Forward Password Requests to Wall Directory Watch.
[   38.370479] systemd[1]: Created slice System Slice.
[[0;32m  OK  [0m] Created slice System Slice.
[   38.464300] systemd[1]: Reached target Slices.
[[0;32m  OK  [0m] Reached target Slices.
[[0;32m  OK  [0m] Listening on Journal Audit Socket.
[[0;32m  OK  [0m] Listening on Device-mapper event daemon FIFOs.
[[0;32m  OK  [0m] Listening on LVM2 poll daemon socket.
[[0;32m  OK  [0m] Listening on udev Kernel Socket.
[[0;32m  OK  [0m] Listening on Journal Socket.
         Starting Load Kernel Modules...
         Starting Remount[   38.736437] Loading iSCSI transport class v2.0-870.
 Root and Kernel[   39.716268] iscsi: registered transport (tcp)
 File Systems...[   39.807637] EXT4-fs (sda1): re-mounted. Opts: (null)

         Mounting POSIX Message Queue Fil[   39.880182] iscsi: registered transport (iser)
e System...
[[0;32m  OK  [0m] Listening on Journal Socket (/dev/log).
[[0;32m  OK  [0m] Created slice system-serial\x2dgetty.slice.
[[0;32m  OK  [0m] Listening on Syslog Socket.
         Starting Journal Service...
         Starting Set the console keyboard layout...
[[0;32m  OK  [[   40.638864] random: crng init done
0m] Listening on[   40.668949] random: 7 urandom warning(s) missed due to ratelimiting
 LVM2 metadata daemon socket.
         Starting Monitoring of LVM2 mirrors…ng dmeventd or progress polling...
[[0;32m  OK  [0m] Listening on udev Control Socket.
         Starting udev Coldplug all Devices...
         Mounting Huge Pages File System...
         Starting Uncomplicated firewall...
[[0;32m  OK  [0m] Reached target User and Group Name Lookups.
[[0;32m  OK  [0m] Reached target System Time Synchronized.
         Starting Create list of required st…ce nodes for the current kernel...
[[0;32m  OK  [0m] Listening on /dev/initctl Compatibility Named Pipe.
         Mounting Kernel Debug File System...
[[0;32m  OK  [0m] Listening on Network Service Netlink Socket.
[[0;32m  OK  [0m] Started Journal Service.
[[0;32m  OK  [0m] Started Load Kernel Modules.
[[0;32m  OK  [0m] Started Remount Root and Kernel File Systems.
[[0;32m  OK  [0m] Mounted POSIX Message Queue File System.
[[0;32m  OK  [0m] Started Set the console keyboard layout.
[[0;32m  OK  [0m] Mounted Huge Pages File System.
[[0;32m  OK  [0m] Started Uncomplicated firewall.
[[0;32m  OK  [0m] Started Create list of required sta…vice nodes for the current kernel.
[[0;32m  OK  [0m] Mounted Kernel Debug File System.
[[0;32m  OK  [0m] Started udev Coldplug all Devices.
[[0;32m  OK  [0m] Started LVM2 metadata daemon.
         Starting Create Static Device Nodes in /dev...
         Starting Load/Save Random Seed...
         Starting Apply Kernel Variables...
         Mounting FUSE Control File System...
         Mounting Kernel Configuration File System...
         Starting Flush Journal to Persistent Storage...
[[0;32m  OK  [0m] Started Monitoring of LVM2 mirrors,…sing dmeventd or progress polling.
[[0;32m  OK  [0m] Started Create Static Device Nodes in /dev.
[[0;32m  OK  [0m] Started Load/Save Random Seed.
[[0;32m  OK  [0m] Started Apply Kernel Variables.
[[0;32m  OK  [0m] Mounted FUSE Control File System.
[[0;32m  OK  [0m] Mounted Kernel Configuration File System.
         Starting udev Kernel Device Manager...
[[0;32m  OK  [0m] Reached target Local File Systems (Pre).
[[0;32m  OK  [0m] Reached target Local File Systems.
         Starting Tell Plymouth To Write Out Runtime Data...
         Starting Set console font and keymap...
         Starting AppArmor initialization...
         Starting ebtables ruleset management...
[[0;32m  OK  [0m] Started udev Kernel Device Manager.
[[0;32m  OK  [0m] Started Tell Plymouth To Write Out Runtime Data.
[[0;32m  OK  [0m] Started Set console font and keymap.
[[0;32m  OK  [0m] Started Dispatch Password Requests to Console Directory Watch.
[[0;32m  OK  [0m] Reached target Local Encrypted Volumes.
[[0;32m  OK  [0m] Started ebtables ruleset management.
[[0;32m  OK  [0m] Started Flush Journal to Persistent Storage.
         Starting Create Volatile Files and Directories...
[[0;32m  OK  [0m] Started Create Volatile Files and Directories.
         Starting Update UTMP about System Boot/Shutdown...
[[0;32m  OK  [0m] Started Update UTMP about System Boot/Shutdown.
[[0;32m  OK  [0m] Found device /dev/ttyS0.
[[0;32m  OK  [0m] Started AppArmor initialization.
         Starting Initial cloud-init job (pre-networking)...
[[0;32m  OK  [0m] Listening on Load/Save RF Kill Switch Status /dev/rfkill Watch.
[   44.936345] cloud-init[521]: Cloud-init v. 19.3-41-gc4735dd3-0ubuntu1~18.04.1 running 'init-local' at Tue, 14 Apr 2020 11:08:41 +0000. Up 44.69 seconds.
[[0;32m  OK  [0m] Started Initial cloud-init job (pre-networking).
[[0;32m  OK  [0m] Reached target Network (Pre).
         Starting Network Service...
[[0;32m  OK  [0m] Started Network Service.
         Starting Network Name Resolution...
         Starting Wait for Network to be Configured...
[[0;32m  OK  [0m] Started Network Name Resolution.
[[0;32m  OK  [0m] Reached target Network.
[[0;32m  OK  [0m] Reached target Host and Network Name Lookups.
[[0;32m  OK  [0m] Started Wait for Network to be Configured.
         Starting Initial cloud-init job (metadata service crawler)...
[   47.232754] cloud-init[684]: Cloud-init v. 19.3-41-gc4735dd3-0ubuntu1~18.04.1 running 'init' at Tue, 14 Apr 2020 11:08:43 +0000. Up 47.06 seconds.
[   47.267220] cloud-init[684]: ci-info: ++++++++++++++++++++++++++++++++++++++Net device info+++++++++++++++++++++++++++++++++++++++
[   47.300235] cloud-init[684]: ci-info: +--------+------+-----------------------------+---------------+--------+-------------------+
[   47.404662] cloud-init[684]: ci-info: | Device |  Up  |           Address           |      Mask     | Scope  |     Hw-Address    |
[   47.467324] cloud-init[684]: ci-info: +--------+------+-----------------------------+---------------+--------+-------------------+
[[0;32m  OK  [0m] Started Initial cloud-init job (metadata service crawler).
[[0;32m  OK  [0m] Reached target System Initialization.
[[0;32m  OK  [0m] Listening on Open-iSCSI iscsid Socket.
[[0;32m  OK  [0m] Listening on D-Bus System Message Bus Socket.
[[   47.546760] cloud-init[684]: ci-info: | enp0s3 | True |          10.0.2.15          | 255.255.255.0 | global | 02:6f:f9:1e:39:dc |
[   47.757792] cloud-init[684]: ci-info: | enp0s3 | True |  fe80::6f:f9ff:fe1e:39dc/64 |       .       |  link  | 02:6f:f9:1e:39:dc |
[0;32m  OK  [0m] Started Daily Cleanup of Temporary Directories.
[   47.758434] cloud-init[684]: ci-info: | enp0s8 | True |        192.168.33.10        | 255.255.255.0 | global | 08:00:27:56:f6:c9 |
[   48.060368] cloud-init[684]: ci-info: | enp0s8 | True | fe80::a00:27ff:fe56:f6c9/64 |       .       |  link  | 08:00:27:56:f6:c9 |
[   48.060619] [cloud-init[0;32m  OK  [0m[684]: ] ci-info: |   lo   | True |          127.0.0.1          |   255.0.0.0   |  host  |         .         |Started Daily apt download activities.

[[   48.236631] cloud-init[684]: ci-info: |   lo   | True |           ::1/128           |       .       |  host  |         .         |
[0;32m  OK  [0m] Started Daily apt upgrade and clean activities.
[   48.236815] cloud-init[684]: ci-info: +--------+------+-----------------------------+---------------+--------+-------------------+
         [   48.504737] Starting Socket activation for snappy daemon.cloud-init
[684]: ci-info: +++++++++++++++++++++++++++++Route IPv4 info+++++++++++++++++++++++++++++
[[   48.665257] cloud-init[684]: ci-info: +-------+--------------+----------+-----------------+-----------+-------+
[0;32m  OK  [0m] Started ACPI Events Check.
[   48.665708] cloud-init[684]: ci-info: | Route | Destination  | Gateway  |     Genmask     | Interface | Flags |
[[   48.897239] cloud-init[684]: ci-info: +-------+--------------+----------+-----------------+-----------+-------+
[0;32m  OK  [0m] Reached target Paths.
[   48.897703] cloud-init[684]: ci-info: |   0   |   0.0.0.0    | 10.0.2.2 |     0.0.0.0     |   enp0s3  |   UG  |
[[   49.120225] cloud-init[684]: ci-info: |   1   |   10.0.2.0   | 0.0.0.0  |  255.255.255.0  |   enp0s3  |   U   |
[   49.120487] cloud-init[684]: ci-info: |   2   |   10.0.2.2   | 0.0.0.0  | 255.255.255.255 |   enp0s3  |   UH  |
[0;32m  OK  [0m] Started Discard unused blocks once a week.
[   49.120880] cloud-init[684]: ci-info: |   3   | 192.168.33.0 | 0.0.0.0  |  255.255.255.0  |   enp0s8  |   U   |
[   49.233943] cloud-init[684]: ci-info: +-------+--------------+----------+-----------------+-----------+-------+
[[0;32m  OK  [0m] Listening on UUID daemon activation socket.
[   49.234361] cloud-init[684]: ci-info: +++++++++++++++++++Route IPv6 info+++++++++++++++++++
         [   49.342655] Starting LXD - unix socket.cloud-init
[684]: ci-info: +-------+-------------+---------+-----------+-------+
[[   49.444830] cloud-init[684]: ci-info: | Route | Destination | Gateway | Interface | Flags |
[   49.445289] cloud-init[684]: ci-info: +-------+-------------+---------+-----------+-------+
[0;32m  OK  [0m] Listening on ACPID Listen Socket.
[   49.445699] cloud-init[684]: ci-info: |   1   |  fe80::/64  |    ::   |   enp0s8  |   U   |
[[   49.748837] cloud-init[684]: ci-info: |   2   |  fe80::/64  |    ::   |   enp0s3  |   U   |
[   49.749120] cloud-init[684]: ci-info: |   4   |    local    |    ::   |   enp0s3  |   U   |
[0;32m  OK  [0m] Started Message of the Day.
[[0;32m  OK  [0m] Reached target Timers.
[[0;32m  OK  [0m] Reached target Network is Online.
[   49.749544] cloud-init[684]: ci-info: |   5   |    local    |    ::   |   enp0s8  |   U   |
[[0;32m  OK  [0m] Reached target Remote File Systems (Pre).
[[0;32m  OK  [0m] Reached target Remote File Systems.
[   50.110172] cloud-init[684]: ci-info: |   6   |   ff00::/8  |    ::   |   enp0s8  |   U   |
         Starting Availability of block devices...
[[0;32m  OK  [0m] Reached target Cloud-config availability.
[[0;32m  OK  [0m] Listening on Socket activation for snappy daemon.
[[0;32m  OK  [0m] Listening on LXD - unix socket.
[   50.234733] cloud-init[684]: ci-info: |   7   |   ff00::/8  |    ::   |   enp0s3  |   U   |
[[0;32m  OK  [0m] Started Availability of block devices.
[[0;32m  OK  [0m] Reached target Sockets.
[[0;32m  OK  [0m] Reached target Basic System.
[   50.503050] cloud-init[684]: ci-info: +-------+-------------+---------+-----------+-------+
         Starting System Logging Service...
         Starting Permit User Sessions...
         Starting Accounts Service...
[[0;32m  OK  [0m] Started D-Bus System Message Bus.
[[0;32m  OK  [0m] Started Regular background program processing daemon.
         Starting Virtualbox guest utils...
[[0;32m  OK  [0m] Started Deferred execution scheduler.
[[0;32m  OK  [0m] Started irqbalance daemon.
         Starting LXD - container startup/shutdown...
         Starting LSB: automatic crash report generation...
         Starting Login Service...
         Starting LSB: Record successful boot for GRUB...
         Starting Dispatcher daemon for systemd-networkd...
         Starting OpenBSD Secure Shell server...
[[0;32m  OK  [0m] Started FUSE filesystem for LXC.
         Starting Snappy daemon...
[[0;32m  OK  [0m] Started System Logging Service.
[[0;32m  OK  [0m] Started Permit User Sessions.
[[0;32m  OK  [0m] Started LXD - container startup/shutdown.
[[0;32m  OK  [0m] Started Login Service.
[[0;32m  OK  [0m] Started OpenBSD Secure Shell server.
[[0;32m  OK  [0m] Started Unattended Upgrades Shutdown.
         Starting Authorization Manager...
         Starting Terminate Plymouth Boot Screen...
         Starting Hold until boot process finishes up...
[[0;32m  OK  [0m] Started Terminate Plymouth Boot Screen.
[[0;32m  OK  [0m] Started Hold until boot process finishes up.
[[0;32m  OK  [0m] Started Dispatcher daemon for systemd-networkd.
[[0;32m  OK  [0m] Started Virtualbox guest utils.
[[0;32m  OK  [0m] Started LSB: automatic crash report generation.
[[0;32m  OK  [0m] Started LSB: Record successful boot for GRUB.
[[0;32m  OK  [0m] Started Authorization Manager.
[[0;32m  OK  [0m] Started Accounts Service.
[[0;32m  OK  [0m] Started Snappy daemon.
[[0;32m  OK  [0m] Created slice User Slice of vagrant.
         Starting Wait until snapd is fully seeded...
[[0;32m  OK  [0m] Started Serial Getty on ttyS0.
         Starting Set console scheme...
[[0;32m  OK  [0m] Started Wait until snapd is fully seeded.
[[0;32m  OK  [0m] Started Set console scheme.
         Starting User Manager for UID 1000...
[[0;32m  OK  [0m] Created slice system-getty.slice.
[[0;32m  OK  [0m] Started Getty on tty1.
[[0;32m  OK  [0m] Reached target Login Prompts.
[[0;32m  OK  [0m] Reached target Multi-User System.
[[0;32m  OK  [0m] Reached target Graphical Interface.
         Starting Update UTMP about System Runlevel Changes...
         Starting Apply the settings specified in cloud-config...
[[0;32m  OK  [0m] Started User Manager for UID 1000.
[[0;32m  OK  [0m] Started Session 1 of user vagrant.
[[0;32m  OK  [0m] Started Update UTMP about System Runlevel Changes.
[   53.393068] cloud-init[1264]: Cloud-init v. 19.3-41-gc4735dd3-0ubuntu1~18.04.1 running 'modules:config' at Tue, 14 Apr 2020 11:08:49 +0000. Up 53.26 seconds.
[[0;32m  OK  [0m] Started Apply the settings specified in cloud-config.
         Starting Execute cloud user/final scripts...
[   54.310995] cloud-init[1334]: Cloud-init v. 19.3-41-gc4735dd3-0ubuntu1~18.04.1 running 'modules:final' at Tue, 14 Apr 2020 11:08:50 +0000. Up 54.06 seconds.
[   54.346117] cloud-init[1334]: Cloud-init v. 19.3-41-gc4735dd3-0ubuntu1~18.04.1 finished at Tue, 14 Apr 2020 11:08:50 +0000. Datasource DataSourceNoCloud [seed=/dev/sdb][dsmode=net].  Up 54.28 seconds
[[[0;32m  OK  [0m] Started Execute cloud user/final scripts.
[[0;32m  OK  [0m] Reached target Cloud-init target.

Ubuntu 18.04.3 LTS ubuntu-bionic ttyS0

ubuntu-bionic login: 